mode: atomic
github.com/deslittle/pinpoint/pinpoint_default_finder.go:19.49,20.51 1 2
github.com/deslittle/pinpoint/pinpoint_default_finder.go:27.2,27.16 1 2
github.com/deslittle/pinpoint/pinpoint_default_finder.go:31.2,31.41 1 2
github.com/deslittle/pinpoint/pinpoint_default_finder.go:38.2,38.16 1 2
github.com/deslittle/pinpoint/pinpoint_default_finder.go:42.2,49.15 5 2
github.com/deslittle/pinpoint/pinpoint_default_finder.go:20.51,22.71 2 2
github.com/deslittle/pinpoint/pinpoint_default_finder.go:25.3,25.37 1 2
github.com/deslittle/pinpoint/pinpoint_default_finder.go:22.71,23.14 1 0
github.com/deslittle/pinpoint/pinpoint_default_finder.go:27.16,29.3 1 0
github.com/deslittle/pinpoint/pinpoint_default_finder.go:31.41,33.75 2 2
github.com/deslittle/pinpoint/pinpoint_default_finder.go:36.3,36.54 1 2
github.com/deslittle/pinpoint/pinpoint_default_finder.go:33.75,34.14 1 0
github.com/deslittle/pinpoint/pinpoint_default_finder.go:38.16,40.3 1 0
github.com/deslittle/pinpoint/pinpoint_default_finder.go:52.74,54.20 2 1
github.com/deslittle/pinpoint/pinpoint_default_finder.go:57.2,58.16 2 1
github.com/deslittle/pinpoint/pinpoint_default_finder.go:61.2,61.47 1 1
github.com/deslittle/pinpoint/pinpoint_default_finder.go:75.2,75.11 1 1
github.com/deslittle/pinpoint/pinpoint_default_finder.go:54.20,56.3 1 0
github.com/deslittle/pinpoint/pinpoint_default_finder.go:58.16,60.3 1 0
github.com/deslittle/pinpoint/pinpoint_default_finder.go:61.47,62.48 1 3
github.com/deslittle/pinpoint/pinpoint_default_finder.go:62.48,66.22 4 9
github.com/deslittle/pinpoint/pinpoint_default_finder.go:69.4,70.18 2 9
github.com/deslittle/pinpoint/pinpoint_default_finder.go:66.22,68.5 1 0
github.com/deslittle/pinpoint/pinpoint_default_finder.go:70.18,72.5 1 0
github.com/deslittle/pinpoint/pinpoint_default_finder.go:78.86,80.16 2 0
github.com/deslittle/pinpoint/pinpoint_default_finder.go:83.2,83.44 1 0
github.com/deslittle/pinpoint/pinpoint_default_finder.go:80.16,82.3 1 0
github.com/deslittle/pinpoint/pinpoint_default_finder.go:86.50,88.2 1 0
github.com/deslittle/pinpoint/pinpoint_fuzzy.go:18.78,24.34 2 4
github.com/deslittle/pinpoint/pinpoint_fuzzy.go:31.2,31.15 1 4
github.com/deslittle/pinpoint/pinpoint_fuzzy.go:24.34,26.30 2 10344
github.com/deslittle/pinpoint/pinpoint_fuzzy.go:29.3,29.43 1 10344
github.com/deslittle/pinpoint/pinpoint_fuzzy.go:26.30,28.4 1 10344
github.com/deslittle/pinpoint/pinpoint_fuzzy.go:34.72,36.16 2 11
github.com/deslittle/pinpoint/pinpoint_fuzzy.go:39.2,39.17 1 0
github.com/deslittle/pinpoint/pinpoint_fuzzy.go:36.16,38.3 1 11
github.com/deslittle/pinpoint/pinpoint_fuzzy.go:42.84,44.42 2 11
github.com/deslittle/pinpoint/pinpoint_fuzzy.go:51.2,51.32 1 11
github.com/deslittle/pinpoint/pinpoint_fuzzy.go:44.42,47.9 3 121
github.com/deslittle/pinpoint/pinpoint_fuzzy.go:47.9,49.4 1 0
github.com/deslittle/pinpoint/pinpoint.go:26.32,28.2 1 2
github.com/deslittle/pinpoint/pinpoint.go:38.53,40.2 1 0
github.com/deslittle/pinpoint/pinpoint.go:42.56,43.31 1 265
github.com/deslittle/pinpoint/pinpoint.go:48.2,48.14 1 254
github.com/deslittle/pinpoint/pinpoint.go:43.31,44.28 1 495
github.com/deslittle/pinpoint/pinpoint.go:44.28,46.4 1 11
github.com/deslittle/pinpoint/pinpoint.go:51.56,61.31 3 336
github.com/deslittle/pinpoint/pinpoint.go:81.2,81.23 1 336
github.com/deslittle/pinpoint/pinpoint.go:61.31,64.23 3 894
github.com/deslittle/pinpoint/pinpoint.go:67.3,67.23 1 894
github.com/deslittle/pinpoint/pinpoint.go:71.3,73.23 3 894
github.com/deslittle/pinpoint/pinpoint.go:77.3,77.23 1 894
github.com/deslittle/pinpoint/pinpoint.go:64.23,66.4 1 108
github.com/deslittle/pinpoint/pinpoint.go:67.23,69.4 1 84
github.com/deslittle/pinpoint/pinpoint.go:73.23,76.4 1 114
github.com/deslittle/pinpoint/pinpoint.go:77.23,79.4 1 186
github.com/deslittle/pinpoint/pinpoint.go:96.93,98.16 2 0
github.com/deslittle/pinpoint/pinpoint.go:101.2,101.44 1 0
github.com/deslittle/pinpoint/pinpoint.go:98.16,100.3 1 0
github.com/deslittle/pinpoint/pinpoint.go:104.80,110.31 4 6
github.com/deslittle/pinpoint/pinpoint.go:114.2,115.43 2 6
github.com/deslittle/pinpoint/pinpoint.go:157.2,163.20 7 6
github.com/deslittle/pinpoint/pinpoint.go:110.31,112.3 1 2
github.com/deslittle/pinpoint/pinpoint.go:115.43,121.21 3 336
github.com/deslittle/pinpoint/pinpoint.go:124.3,124.45 1 336
github.com/deslittle/pinpoint/pinpoint.go:149.3,155.33 5 336
github.com/deslittle/pinpoint/pinpoint.go:121.21,123.4 1 224
github.com/deslittle/pinpoint/pinpoint.go:124.45,127.41 2 894
github.com/deslittle/pinpoint/pinpoint.go:134.4,135.43 2 894
github.com/deslittle/pinpoint/pinpoint.go:146.4,147.50 2 894
github.com/deslittle/pinpoint/pinpoint.go:127.41,132.5 1 2935095
github.com/deslittle/pinpoint/pinpoint.go:135.43,137.43 2 12
github.com/deslittle/pinpoint/pinpoint.go:143.5,143.41 1 12
github.com/deslittle/pinpoint/pinpoint.go:137.43,142.6 1 693
github.com/deslittle/pinpoint/pinpoint.go:166.98,168.16 2 2
github.com/deslittle/pinpoint/pinpoint.go:171.2,171.39 1 2
github.com/deslittle/pinpoint/pinpoint.go:168.16,170.3 1 0
github.com/deslittle/pinpoint/pinpoint.go:174.60,175.50 1 1
github.com/deslittle/pinpoint/pinpoint.go:178.2,178.13 1 1
github.com/deslittle/pinpoint/pinpoint.go:175.50,177.3 1 0
github.com/deslittle/pinpoint/pinpoint.go:181.71,186.144 3 1
github.com/deslittle/pinpoint/pinpoint.go:190.2,190.26 1 1
github.com/deslittle/pinpoint/pinpoint.go:194.2,194.19 1 1
github.com/deslittle/pinpoint/pinpoint.go:186.144,189.3 2 43
github.com/deslittle/pinpoint/pinpoint.go:190.26,192.3 1 0
github.com/deslittle/pinpoint/pinpoint.go:197.72,204.26 4 1
github.com/deslittle/pinpoint/pinpoint.go:207.2,207.34 1 1
github.com/deslittle/pinpoint/pinpoint.go:212.2,212.19 1 1
github.com/deslittle/pinpoint/pinpoint.go:215.2,215.17 1 1
github.com/deslittle/pinpoint/pinpoint.go:204.26,206.3 1 0
github.com/deslittle/pinpoint/pinpoint.go:207.34,208.28 1 43
github.com/deslittle/pinpoint/pinpoint.go:208.28,210.4 1 1
github.com/deslittle/pinpoint/pinpoint.go:212.19,214.3 1 0
github.com/deslittle/pinpoint/pinpoint.go:219.67,224.31 2 10
github.com/deslittle/pinpoint/pinpoint.go:229.2,229.11 1 0
github.com/deslittle/pinpoint/pinpoint.go:224.31,225.28 1 222
github.com/deslittle/pinpoint/pinpoint.go:225.28,227.4 1 10
github.com/deslittle/pinpoint/pinpoint.go:232.79,234.16 2 0
github.com/deslittle/pinpoint/pinpoint.go:237.2,238.33 2 0
github.com/deslittle/pinpoint/pinpoint.go:241.2,242.17 2 0
github.com/deslittle/pinpoint/pinpoint.go:234.16,236.3 1 0
github.com/deslittle/pinpoint/pinpoint.go:238.33,240.3 1 0
github.com/deslittle/pinpoint/pinpoint.go:245.78,246.21 1 1
github.com/deslittle/pinpoint/pinpoint.go:249.2,250.16 2 1
github.com/deslittle/pinpoint/pinpoint.go:253.2,253.27 1 1
github.com/deslittle/pinpoint/pinpoint.go:246.21,248.3 1 0
github.com/deslittle/pinpoint/pinpoint.go:250.16,252.3 1 0
github.com/deslittle/pinpoint/pinpoint.go:256.76,257.31 1 1
github.com/deslittle/pinpoint/pinpoint.go:262.2,262.55 1 0
github.com/deslittle/pinpoint/pinpoint.go:257.31,258.24 1 15
github.com/deslittle/pinpoint/pinpoint.go:258.24,260.4 1 1
github.com/deslittle/pinpoint/pinpoint.go:265.43,267.2 1 0
