mode: atomic
github.com/deslittle/pinpoint/pinpoint_fuzzy.go:18.78,24.34 2 4
github.com/deslittle/pinpoint/pinpoint_fuzzy.go:31.2,31.15 1 4
github.com/deslittle/pinpoint/pinpoint_fuzzy.go:24.34,26.30 2 10344
github.com/deslittle/pinpoint/pinpoint_fuzzy.go:29.3,29.43 1 10344
github.com/deslittle/pinpoint/pinpoint_fuzzy.go:26.30,28.4 1 10344
github.com/deslittle/pinpoint/pinpoint_fuzzy.go:34.72,36.16 2 11
github.com/deslittle/pinpoint/pinpoint_fuzzy.go:39.2,39.17 1 0
github.com/deslittle/pinpoint/pinpoint_fuzzy.go:36.16,38.3 1 11
github.com/deslittle/pinpoint/pinpoint_fuzzy.go:42.84,44.42 2 11
github.com/deslittle/pinpoint/pinpoint_fuzzy.go:51.2,51.32 1 11
github.com/deslittle/pinpoint/pinpoint_fuzzy.go:44.42,47.9 3 121
github.com/deslittle/pinpoint/pinpoint_fuzzy.go:47.9,49.4 1 0
github.com/deslittle/pinpoint/pinpoint.go:27.32,29.2 1 2
github.com/deslittle/pinpoint/pinpoint.go:41.53,43.2 1 1
github.com/deslittle/pinpoint/pinpoint.go:45.56,46.31 1 619
github.com/deslittle/pinpoint/pinpoint.go:51.2,51.14 1 619
github.com/deslittle/pinpoint/pinpoint.go:46.31,47.28 1 1702
github.com/deslittle/pinpoint/pinpoint.go:47.28,49.4 1 0
github.com/deslittle/pinpoint/pinpoint.go:54.56,64.31 3 448
github.com/deslittle/pinpoint/pinpoint.go:84.2,84.23 1 448
github.com/deslittle/pinpoint/pinpoint.go:64.31,67.23 3 1192
github.com/deslittle/pinpoint/pinpoint.go:70.3,70.23 1 1192
github.com/deslittle/pinpoint/pinpoint.go:74.3,76.23 3 1192
github.com/deslittle/pinpoint/pinpoint.go:80.3,80.23 1 1192
github.com/deslittle/pinpoint/pinpoint.go:67.23,69.4 1 144
github.com/deslittle/pinpoint/pinpoint.go:70.23,72.4 1 112
github.com/deslittle/pinpoint/pinpoint.go:76.23,79.4 1 152
github.com/deslittle/pinpoint/pinpoint.go:80.23,82.4 1 248
github.com/deslittle/pinpoint/pinpoint.go:99.93,101.16 2 0
github.com/deslittle/pinpoint/pinpoint.go:104.2,104.44 1 0
github.com/deslittle/pinpoint/pinpoint.go:101.16,103.3 1 0
github.com/deslittle/pinpoint/pinpoint.go:107.80,113.31 5 8
github.com/deslittle/pinpoint/pinpoint.go:117.2,118.43 2 8
github.com/deslittle/pinpoint/pinpoint.go:167.2,173.20 7 8
github.com/deslittle/pinpoint/pinpoint.go:113.31,115.3 1 2
github.com/deslittle/pinpoint/pinpoint.go:118.43,121.17 3 448
github.com/deslittle/pinpoint/pinpoint.go:124.3,131.21 3 448
github.com/deslittle/pinpoint/pinpoint.go:134.3,134.45 1 448
github.com/deslittle/pinpoint/pinpoint.go:159.3,165.33 5 448
github.com/deslittle/pinpoint/pinpoint.go:121.17,123.4 1 0
github.com/deslittle/pinpoint/pinpoint.go:131.21,133.4 1 336
github.com/deslittle/pinpoint/pinpoint.go:134.45,137.41 2 1192
github.com/deslittle/pinpoint/pinpoint.go:144.4,145.43 2 1192
github.com/deslittle/pinpoint/pinpoint.go:156.4,157.50 2 1192
github.com/deslittle/pinpoint/pinpoint.go:137.41,142.5 1 1308623
github.com/deslittle/pinpoint/pinpoint.go:145.43,147.43 2 16
github.com/deslittle/pinpoint/pinpoint.go:153.5,153.41 1 16
github.com/deslittle/pinpoint/pinpoint.go:147.43,152.6 1 273
github.com/deslittle/pinpoint/pinpoint.go:176.98,178.16 2 2
github.com/deslittle/pinpoint/pinpoint.go:181.2,181.39 1 2
github.com/deslittle/pinpoint/pinpoint.go:178.16,180.3 1 0
github.com/deslittle/pinpoint/pinpoint.go:184.60,185.50 1 1
github.com/deslittle/pinpoint/pinpoint.go:188.2,188.13 1 0
github.com/deslittle/pinpoint/pinpoint.go:185.50,187.3 1 1
github.com/deslittle/pinpoint/pinpoint.go:191.71,196.144 3 1
github.com/deslittle/pinpoint/pinpoint.go:200.2,200.26 1 1
github.com/deslittle/pinpoint/pinpoint.go:204.2,204.19 1 1
github.com/deslittle/pinpoint/pinpoint.go:196.144,199.3 2 3
github.com/deslittle/pinpoint/pinpoint.go:200.26,202.3 1 0
github.com/deslittle/pinpoint/pinpoint.go:207.72,214.26 4 1
github.com/deslittle/pinpoint/pinpoint.go:217.2,217.34 1 1
github.com/deslittle/pinpoint/pinpoint.go:222.2,222.19 1 1
github.com/deslittle/pinpoint/pinpoint.go:225.2,225.17 1 0
github.com/deslittle/pinpoint/pinpoint.go:214.26,216.3 1 0
github.com/deslittle/pinpoint/pinpoint.go:217.34,218.28 1 3
github.com/deslittle/pinpoint/pinpoint.go:218.28,220.4 1 0
github.com/deslittle/pinpoint/pinpoint.go:222.19,224.3 1 1
github.com/deslittle/pinpoint/pinpoint.go:229.67,234.31 2 11
github.com/deslittle/pinpoint/pinpoint.go:239.2,239.11 1 11
github.com/deslittle/pinpoint/pinpoint.go:234.31,235.28 1 616
github.com/deslittle/pinpoint/pinpoint.go:235.28,237.4 1 0
github.com/deslittle/pinpoint/pinpoint.go:242.79,244.16 2 0
github.com/deslittle/pinpoint/pinpoint.go:247.2,248.33 2 0
github.com/deslittle/pinpoint/pinpoint.go:251.2,252.17 2 0
github.com/deslittle/pinpoint/pinpoint.go:244.16,246.3 1 0
github.com/deslittle/pinpoint/pinpoint.go:248.33,250.3 1 0
github.com/deslittle/pinpoint/pinpoint.go:255.82,257.16 2 1
github.com/deslittle/pinpoint/pinpoint.go:260.2,260.30 1 0
github.com/deslittle/pinpoint/pinpoint.go:257.16,259.3 1 1
github.com/deslittle/pinpoint/pinpoint.go:263.78,264.21 1 0
github.com/deslittle/pinpoint/pinpoint.go:267.2,268.16 2 0
github.com/deslittle/pinpoint/pinpoint.go:271.2,271.27 1 0
github.com/deslittle/pinpoint/pinpoint.go:264.21,266.3 1 0
github.com/deslittle/pinpoint/pinpoint.go:268.16,270.3 1 0
github.com/deslittle/pinpoint/pinpoint.go:274.76,275.31 1 1
github.com/deslittle/pinpoint/pinpoint.go:280.2,280.55 1 1
github.com/deslittle/pinpoint/pinpoint.go:275.31,276.24 1 56
github.com/deslittle/pinpoint/pinpoint.go:276.24,278.4 1 0
github.com/deslittle/pinpoint/pinpoint.go:283.77,284.21 1 1
github.com/deslittle/pinpoint/pinpoint.go:287.2,288.31 2 1
github.com/deslittle/pinpoint/pinpoint.go:293.2,293.19 1 1
github.com/deslittle/pinpoint/pinpoint.go:296.2,296.17 1 0
github.com/deslittle/pinpoint/pinpoint.go:284.21,286.3 1 0
github.com/deslittle/pinpoint/pinpoint.go:288.31,289.26 1 56
github.com/deslittle/pinpoint/pinpoint.go:289.26,291.4 1 0
github.com/deslittle/pinpoint/pinpoint.go:293.19,295.3 1 1
github.com/deslittle/pinpoint/pinpoint.go:299.43,301.2 1 0
github.com/deslittle/pinpoint/pinpoint_default_finder.go:19.49,20.51 1 2
github.com/deslittle/pinpoint/pinpoint_default_finder.go:27.2,27.16 1 2
github.com/deslittle/pinpoint/pinpoint_default_finder.go:31.2,31.41 1 2
github.com/deslittle/pinpoint/pinpoint_default_finder.go:38.2,38.16 1 2
github.com/deslittle/pinpoint/pinpoint_default_finder.go:42.2,49.15 5 2
github.com/deslittle/pinpoint/pinpoint_default_finder.go:20.51,22.71 2 2
github.com/deslittle/pinpoint/pinpoint_default_finder.go:25.3,25.37 1 2
github.com/deslittle/pinpoint/pinpoint_default_finder.go:22.71,23.14 1 0
github.com/deslittle/pinpoint/pinpoint_default_finder.go:27.16,29.3 1 0
github.com/deslittle/pinpoint/pinpoint_default_finder.go:31.41,33.75 2 2
github.com/deslittle/pinpoint/pinpoint_default_finder.go:36.3,36.54 1 2
github.com/deslittle/pinpoint/pinpoint_default_finder.go:33.75,34.14 1 0
github.com/deslittle/pinpoint/pinpoint_default_finder.go:38.16,40.3 1 0
github.com/deslittle/pinpoint/pinpoint_default_finder.go:52.74,54.20 2 1
github.com/deslittle/pinpoint/pinpoint_default_finder.go:57.2,58.16 2 1
github.com/deslittle/pinpoint/pinpoint_default_finder.go:61.2,61.47 1 1
github.com/deslittle/pinpoint/pinpoint_default_finder.go:75.2,75.11 1 1
github.com/deslittle/pinpoint/pinpoint_default_finder.go:54.20,56.3 1 0
github.com/deslittle/pinpoint/pinpoint_default_finder.go:58.16,60.3 1 0
github.com/deslittle/pinpoint/pinpoint_default_finder.go:61.47,62.48 1 3
github.com/deslittle/pinpoint/pinpoint_default_finder.go:62.48,66.22 4 9
github.com/deslittle/pinpoint/pinpoint_default_finder.go:69.4,70.18 2 9
github.com/deslittle/pinpoint/pinpoint_default_finder.go:66.22,68.5 1 0
github.com/deslittle/pinpoint/pinpoint_default_finder.go:70.18,72.5 1 0
github.com/deslittle/pinpoint/pinpoint_default_finder.go:78.86,80.16 2 0
github.com/deslittle/pinpoint/pinpoint_default_finder.go:83.2,83.44 1 0
github.com/deslittle/pinpoint/pinpoint_default_finder.go:80.16,82.3 1 0
github.com/deslittle/pinpoint/pinpoint_default_finder.go:86.50,88.2 1 0
